<?xml version="1.0" encoding="UTF-8"?>
<!-- Generated by org.testng.reporters.JUnitXMLReporter -->
<testsuite ignored="0" hostname="DESKTOP-S1NRV2S" failures="0" tests="18" name="Default test" time="0.734" errors="0" timestamp="2022-02-18T23:54:48 IST">
  <testcase classname="TestClass.TestClassWithTestNG" name="@BeforeTest launchBrowser" time="-1.645208688113E9">
    <failure type="org.testng.TestNGException" message="
Parameter &amp;apos;browser&amp;apos; is required by BeforeTest on method launchBrowser but has not been marked @Optional or defined
in C:\Users\Lenovo\AppData\Local\Temp\testng-eclipse-2016274504\testng-customsuite.xml">
      <![CDATA[org.testng.TestNGException: 
Parameter 'browser' is required by BeforeTest on method launchBrowser but has not been marked @Optional or defined
in C:\Users\Lenovo\AppData\Local\Temp\testng-eclipse-2016274504\testng-customsuite.xml
at org.testng.internal.Parameters.createParams(Parameters.java:268)
at org.testng.internal.Parameters.createParametersForMethod(Parameters.java:356)
at org.testng.internal.Parameters.createParameters(Parameters.java:700)
at org.testng.internal.Parameters.createConfigurationParameters(Parameters.java:166)
at org.testng.internal.ConfigInvoker.invokeConfigurations(ConfigInvoker.java:301)
at org.testng.TestRunner.invokeTestConfigurations(TestRunner.java:617)
at org.testng.TestRunner.beforeRun(TestRunner.java:607)
at org.testng.TestRunner.run(TestRunner.java:578)
at org.testng.SuiteRunner.runTest(SuiteRunner.java:384)
at org.testng.SuiteRunner.runSequentially(SuiteRunner.java:378)
at org.testng.SuiteRunner.privateRun(SuiteRunner.java:337)
at org.testng.SuiteRunner.run(SuiteRunner.java:286)
at org.testng.SuiteRunnerWorker.runSuite(SuiteRunnerWorker.java:53)
at org.testng.SuiteRunnerWorker.run(SuiteRunnerWorker.java:96)
at org.testng.TestNG.runSuitesSequentially(TestNG.java:1218)
at org.testng.TestNG.runSuitesLocally(TestNG.java:1140)
at org.testng.TestNG.runSuites(TestNG.java:1069)
at org.testng.TestNG.run(TestNG.java:1037)
at org.testng.remote.AbstractRemoteTestNG.run(AbstractRemoteTestNG.java:115)
at org.testng.remote.RemoteTestNG.initAndRun(RemoteTestNG.java:251)
at org.testng.remote.RemoteTestNG.main(RemoteTestNG.java:77)
]]>
    </failure>
  </testcase> <!-- @BeforeTest launchBrowser -->
  <testcase classname="TestClass.TestClassWithTestNG" name="@BeforeClass objectOfPOM" time="-1.645208688222E9">
    <skipped/>
  </testcase> <!-- @BeforeClass objectOfPOM -->
  <testcase classname="TestClass.TestClassWithTestNG" name="@BeforeMethod beforeMethod" time="-1.645208688314E9">
    <skipped/>
  </testcase> <!-- @BeforeMethod beforeMethod -->
  <testcase classname="TestClass.TestClassWithTestNG" name="@AfterMethod afterMethod" time="-1.64520868833E9">
    <skipped/>
  </testcase> <!-- @AfterMethod afterMethod -->
  <testcase classname="TestClass.TestClassWithTestNG" name="@BeforeMethod beforeMethod" time="-1.645208688345E9">
    <skipped/>
  </testcase> <!-- @BeforeMethod beforeMethod -->
  <testcase classname="TestClass.TestClassWithTestNG" name="@AfterMethod afterMethod" time="-1.645208688362E9">
    <skipped/>
  </testcase> <!-- @AfterMethod afterMethod -->
  <testcase classname="TestClass.TestClassWithTestNG" name="@BeforeMethod beforeMethod" time="-1.645208688369E9">
    <skipped/>
  </testcase> <!-- @BeforeMethod beforeMethod -->
  <testcase classname="TestClass.TestClassWithTestNG" name="@AfterMethod afterMethod" time="-1.645208688383E9">
    <skipped/>
  </testcase> <!-- @AfterMethod afterMethod -->
  <testcase classname="TestClass.TestClassWithTestNG" name="@BeforeMethod beforeMethod" time="-1.645208688387E9">
    <skipped/>
  </testcase> <!-- @BeforeMethod beforeMethod -->
  <testcase classname="TestClass.TestClassWithTestNG" name="@AfterMethod afterMethod" time="-1.645208688403E9">
    <skipped/>
  </testcase> <!-- @AfterMethod afterMethod -->
  <testcase classname="TestClass.TestClassWithTestNG" name="@BeforeMethod beforeMethod" time="-1.645208688411E9">
    <skipped/>
  </testcase> <!-- @BeforeMethod beforeMethod -->
  <testcase classname="TestClass.TestClassWithTestNG" name="@AfterMethod afterMethod" time="-1.645208688423E9">
    <skipped/>
  </testcase> <!-- @AfterMethod afterMethod -->
  <testcase classname="TestClass.TestClassWithTestNG" name="@BeforeMethod beforeMethod" time="-1.645208688431E9">
    <skipped/>
  </testcase> <!-- @BeforeMethod beforeMethod -->
  <testcase classname="TestClass.TestClassWithTestNG" name="@AfterMethod afterMethod" time="-1.645208688458E9">
    <skipped/>
  </testcase> <!-- @AfterMethod afterMethod -->
  <testcase classname="TestClass.TestClassWithTestNG" name="@BeforeMethod beforeMethod" time="-1.645208688473E9">
    <skipped/>
  </testcase> <!-- @BeforeMethod beforeMethod -->
  <testcase classname="TestClass.TestClassWithTestNG" name="@AfterMethod afterMethod" time="-1.645208688503E9">
    <skipped/>
  </testcase> <!-- @AfterMethod afterMethod -->
  <testcase classname="TestClass.TestClassWithTestNG" name="@BeforeMethod beforeMethod" time="-1.645208688509E9">
    <skipped/>
  </testcase> <!-- @BeforeMethod beforeMethod -->
  <testcase classname="TestClass.TestClassWithTestNG" name="@AfterMethod afterMethod" time="-1.645208688524E9">
    <skipped/>
  </testcase> <!-- @AfterMethod afterMethod -->
  <testcase classname="TestClass.TestClassWithTestNG" name="@BeforeMethod beforeMethod" time="-1.645208688533E9">
    <skipped/>
  </testcase> <!-- @BeforeMethod beforeMethod -->
  <testcase classname="TestClass.TestClassWithTestNG" name="@AfterMethod afterMethod" time="-1.645208688553E9">
    <skipped/>
  </testcase> <!-- @AfterMethod afterMethod -->
  <testcase classname="TestClass.TestClassWithTestNG" name="@BeforeMethod beforeMethod" time="-1.645208688559E9">
    <skipped/>
  </testcase> <!-- @BeforeMethod beforeMethod -->
  <testcase classname="TestClass.TestClassWithTestNG" name="@AfterMethod afterMethod" time="-1.645208688578E9">
    <skipped/>
  </testcase> <!-- @AfterMethod afterMethod -->
  <testcase classname="TestClass.TestClassWithTestNG" name="@BeforeMethod beforeMethod" time="-1.645208688593E9">
    <skipped/>
  </testcase> <!-- @BeforeMethod beforeMethod -->
  <testcase classname="TestClass.TestClassWithTestNG" name="@AfterMethod afterMethod" time="-1.645208688609E9">
    <skipped/>
  </testcase> <!-- @AfterMethod afterMethod -->
  <testcase classname="TestClass.TestClassWithTestNG" name="@BeforeMethod beforeMethod" time="-1.645208688623E9">
    <skipped/>
  </testcase> <!-- @BeforeMethod beforeMethod -->
  <testcase classname="TestClass.TestClassWithTestNG" name="@AfterMethod afterMethod" time="-1.645208688661E9">
    <skipped/>
  </testcase> <!-- @AfterMethod afterMethod -->
  <testcase classname="TestClass.TestClassWithTestNG" name="@BeforeMethod beforeMethod" time="-1.645208688671E9">
    <skipped/>
  </testcase> <!-- @BeforeMethod beforeMethod -->
  <testcase classname="TestClass.TestClassWithTestNG" name="@AfterMethod afterMethod" time="-1.645208688689E9">
    <skipped/>
  </testcase> <!-- @AfterMethod afterMethod -->
  <testcase classname="TestClass.TestClassWithTestNG" name="@BeforeMethod beforeMethod" time="-1.645208688698E9">
    <skipped/>
  </testcase> <!-- @BeforeMethod beforeMethod -->
  <testcase classname="TestClass.TestClassWithTestNG" name="@AfterMethod afterMethod" time="-1.645208688717E9">
    <skipped/>
  </testcase> <!-- @AfterMethod afterMethod -->
  <testcase classname="TestClass.TestClassWithTestNG" name="@BeforeMethod beforeMethod" time="-1.645208688724E9">
    <skipped/>
  </testcase> <!-- @BeforeMethod beforeMethod -->
  <testcase classname="TestClass.TestClassWithTestNG" name="@AfterMethod afterMethod" time="-1.645208688742E9">
    <skipped/>
  </testcase> <!-- @AfterMethod afterMethod -->
  <testcase classname="TestClass.TestClassWithTestNG" name="@BeforeMethod beforeMethod" time="-1.645208688751E9">
    <skipped/>
  </testcase> <!-- @BeforeMethod beforeMethod -->
  <testcase classname="TestClass.TestClassWithTestNG" name="@AfterMethod afterMethod" time="-1.64520868877E9">
    <skipped/>
  </testcase> <!-- @AfterMethod afterMethod -->
  <testcase classname="TestClass.TestClassWithTestNG" name="@BeforeMethod beforeMethod" time="-1.645208688779E9">
    <skipped/>
  </testcase> <!-- @BeforeMethod beforeMethod -->
  <testcase classname="TestClass.TestClassWithTestNG" name="@AfterMethod afterMethod" time="-1.645208688795E9">
    <skipped/>
  </testcase> <!-- @AfterMethod afterMethod -->
  <testcase classname="TestClass.TestClassWithTestNG" name="@BeforeMethod beforeMethod" time="-1.645208688801E9">
    <skipped/>
  </testcase> <!-- @BeforeMethod beforeMethod -->
  <testcase classname="TestClass.TestClassWithTestNG" name="@AfterMethod afterMethod" time="-1.645208688806E9">
    <skipped/>
  </testcase> <!-- @AfterMethod afterMethod -->
  <testcase classname="TestClass.TestClassWithTestNG" name="@AfterClass closePOMObject" time="-1.645208688817E9">
    <skipped/>
  </testcase> <!-- @AfterClass closePOMObject -->
  <testcase classname="TestClass.TestClassWithTestNG" name="@AfterTest closeBrowser" time="-1.645208688819E9">
    <skipped/>
  </testcase> <!-- @AfterTest closeBrowser -->
  <testcase classname="TestClass.TestClassWithTestNG" name="verifySliders" time="0.0">
    <skipped/>
  </testcase> <!-- verifySliders -->
  <testcase classname="TestClass.TestClassWithTestNG" name="verifyArrivals" time="0.0">
    <skipped/>
  </testcase> <!-- verifyArrivals -->
  <testcase classname="TestClass.TestClassWithTestNG" name="seleniumRuby" time="0.0">
    <skipped/>
  </testcase> <!-- seleniumRuby -->
  <testcase classname="TestClass.TestClassWithTestNG" name="imagesDiscription" time="0.0">
    <skipped/>
  </testcase> <!-- imagesDiscription -->
  <testcase classname="TestClass.TestClassWithTestNG" name="imageReview" time="0.0">
    <skipped/>
  </testcase> <!-- imageReview -->
  <testcase classname="TestClass.TestClassWithTestNG" name="addBookToBasket" time="0.0">
    <skipped/>
  </testcase> <!-- addBookToBasket -->
  <testcase classname="TestClass.TestClassWithTestNG" name="verifyHighestQuantityError" time="0.0">
    <skipped/>
  </testcase> <!-- verifyHighestQuantityError -->
  <testcase classname="TestClass.TestClassWithTestNG" name="checkBasketPage" time="0.0">
    <skipped/>
  </testcase> <!-- checkBasketPage -->
  <testcase classname="TestClass.TestClassWithTestNG" name="ApplyCoupon" time="0.0">
    <skipped/>
  </testcase> <!-- ApplyCoupon -->
  <testcase classname="TestClass.TestClassWithTestNG" name="unableToApplyCouponCode" time="0.0">
    <skipped/>
  </testcase> <!-- unableToApplyCouponCode -->
  <testcase classname="TestClass.TestClassWithTestNG" name="removeBook" time="0.0">
    <skipped/>
  </testcase> <!-- removeBook -->
  <testcase classname="TestClass.TestClassWithTestNG" name="updateBook" time="0.0">
    <skipped/>
  </testcase> <!-- updateBook -->
  <testcase classname="TestClass.TestClassWithTestNG" name="totalPriceOfBook" time="0.0">
    <skipped/>
  </testcase> <!-- totalPriceOfBook -->
  <testcase classname="TestClass.TestClassWithTestNG" name="updateBasketBook" time="0.0">
    <skipped/>
  </testcase> <!-- updateBasketBook -->
  <testcase classname="TestClass.TestClassWithTestNG" name="totalAndSubTotalPriceOfBook" time="0.0">
    <skipped/>
  </testcase> <!-- totalAndSubTotalPriceOfBook -->
  <testcase classname="TestClass.TestClassWithTestNG" name="checkOutFunctionalityFromBasketTab" time="0.0">
    <skipped/>
  </testcase> <!-- checkOutFunctionalityFromBasketTab -->
  <testcase classname="TestClass.TestClassWithTestNG" name="checkOutPaymentGatewayFillDetails" time="0.0">
    <skipped/>
  </testcase> <!-- checkOutPaymentGatewayFillDetails -->
  <testcase classname="TestClass.TestClassWithTestNG" name="checkOutPaymentGatewayPlaceOrder" time="0.0">
    <skipped/>
  </testcase> <!-- checkOutPaymentGatewayPlaceOrder -->
</testsuite> <!-- Default test -->
